Start testing: Aug 29 20:17 India Standard Time
----------------------------------------------------------
1/17 Testing: TrackTest.StoresTrackInformation
1/17 Test: TrackTest.StoresTrackInformation
Command: "D:/POC-FINAL-CPP/Realtime-Train/build/Debug/tcas_tests.exe" "--gtest_filter=TrackTest.StoresTrackInformation" "--gtest_also_run_disabled_tests"
Directory: D:/POC-FINAL-CPP/Realtime-Train/build
"TrackTest.StoresTrackInformation" start time: Aug 29 20:17 India Standard Time
Output:
----------------------------------------------------------
Running main() from D:\POC-FINAL-CPP\Realtime-Train\build\_deps\googletest-src\googletest\src\gtest_main.cc
Note: Google Test filter = TrackTest.StoresTrackInformation
[==========] Running 1 test from 1 test suite.
[----------] Global test environment set-up.
[----------] 1 test from TrackTest
[ RUN      ] TrackTest.StoresTrackInformation
[       OK ] TrackTest.StoresTrackInformation (0 ms)
[----------] 1 test from TrackTest (0 ms total)

[----------] Global test environment tear-down
[==========] 1 test from 1 test suite ran. (0 ms total)
[  PASSED  ] 1 test.
<end of output>
Test time =   0.02 sec
----------------------------------------------------------
Test Passed.
"TrackTest.StoresTrackInformation" end time: Aug 29 20:17 India Standard Time
"TrackTest.StoresTrackInformation" time elapsed: 00:00:00
----------------------------------------------------------

2/17 Testing: RailwayNetworkTest.StartsEmpty
2/17 Test: RailwayNetworkTest.StartsEmpty
Command: "D:/POC-FINAL-CPP/Realtime-Train/build/Debug/tcas_tests.exe" "--gtest_filter=RailwayNetworkTest.StartsEmpty" "--gtest_also_run_disabled_tests"
Directory: D:/POC-FINAL-CPP/Realtime-Train/build
"RailwayNetworkTest.StartsEmpty" start time: Aug 29 20:17 India Standard Time
Output:
----------------------------------------------------------
Running main() from D:\POC-FINAL-CPP\Realtime-Train\build\_deps\googletest-src\googletest\src\gtest_main.cc
Note: Google Test filter = RailwayNetworkTest.StartsEmpty
[==========] Running 1 test from 1 test suite.
[----------] Global test environment set-up.
[----------] 1 test from RailwayNetworkTest
[ RUN      ] RailwayNetworkTest.StartsEmpty
[       OK ] RailwayNetworkTest.StartsEmpty (0 ms)
[----------] 1 test from RailwayNetworkTest (0 ms total)

[----------] Global test environment tear-down
[==========] 1 test from 1 test suite ran. (0 ms total)
[  PASSED  ] 1 test.
<end of output>
Test time =   0.01 sec
----------------------------------------------------------
Test Passed.
"RailwayNetworkTest.StartsEmpty" end time: Aug 29 20:17 India Standard Time
"RailwayNetworkTest.StartsEmpty" time elapsed: 00:00:00
----------------------------------------------------------

3/17 Testing: RailwayNetworkTest.AddsNode
3/17 Test: RailwayNetworkTest.AddsNode
Command: "D:/POC-FINAL-CPP/Realtime-Train/build/Debug/tcas_tests.exe" "--gtest_filter=RailwayNetworkTest.AddsNode" "--gtest_also_run_disabled_tests"
Directory: D:/POC-FINAL-CPP/Realtime-Train/build
"RailwayNetworkTest.AddsNode" start time: Aug 29 20:17 India Standard Time
Output:
----------------------------------------------------------
Running main() from D:\POC-FINAL-CPP\Realtime-Train\build\_deps\googletest-src\googletest\src\gtest_main.cc
Note: Google Test filter = RailwayNetworkTest.AddsNode
[==========] Running 1 test from 1 test suite.
[----------] Global test environment set-up.
[----------] 1 test from RailwayNetworkTest
[ RUN      ] RailwayNetworkTest.AddsNode
[       OK ] RailwayNetworkTest.AddsNode (0 ms)
[----------] 1 test from RailwayNetworkTest (0 ms total)

[----------] Global test environment tear-down
[==========] 1 test from 1 test suite ran. (0 ms total)
[  PASSED  ] 1 test.
<end of output>
Test time =   0.01 sec
----------------------------------------------------------
Test Passed.
"RailwayNetworkTest.AddsNode" end time: Aug 29 20:17 India Standard Time
"RailwayNetworkTest.AddsNode" time elapsed: 00:00:00
----------------------------------------------------------

4/17 Testing: RailwayNetworkTest.RejectsDuplicateNode
4/17 Test: RailwayNetworkTest.RejectsDuplicateNode
Command: "D:/POC-FINAL-CPP/Realtime-Train/build/Debug/tcas_tests.exe" "--gtest_filter=RailwayNetworkTest.RejectsDuplicateNode" "--gtest_also_run_disabled_tests"
Directory: D:/POC-FINAL-CPP/Realtime-Train/build
"RailwayNetworkTest.RejectsDuplicateNode" start time: Aug 29 20:17 India Standard Time
Output:
----------------------------------------------------------
Running main() from D:\POC-FINAL-CPP\Realtime-Train\build\_deps\googletest-src\googletest\src\gtest_main.cc
Note: Google Test filter = RailwayNetworkTest.RejectsDuplicateNode
[==========] Running 1 test from 1 test suite.
[----------] Global test environment set-up.
[----------] 1 test from RailwayNetworkTest
[ RUN      ] RailwayNetworkTest.RejectsDuplicateNode
[       OK ] RailwayNetworkTest.RejectsDuplicateNode (0 ms)
[----------] 1 test from RailwayNetworkTest (0 ms total)

[----------] Global test environment tear-down
[==========] 1 test from 1 test suite ran. (0 ms total)
[  PASSED  ] 1 test.
<end of output>
Test time =   0.01 sec
----------------------------------------------------------
Test Passed.
"RailwayNetworkTest.RejectsDuplicateNode" end time: Aug 29 20:17 India Standard Time
"RailwayNetworkTest.RejectsDuplicateNode" time elapsed: 00:00:00
----------------------------------------------------------

5/17 Testing: RailwayNetworkTest.AddsValidTrack
5/17 Test: RailwayNetworkTest.AddsValidTrack
Command: "D:/POC-FINAL-CPP/Realtime-Train/build/Debug/tcas_tests.exe" "--gtest_filter=RailwayNetworkTest.AddsValidTrack" "--gtest_also_run_disabled_tests"
Directory: D:/POC-FINAL-CPP/Realtime-Train/build
"RailwayNetworkTest.AddsValidTrack" start time: Aug 29 20:17 India Standard Time
Output:
----------------------------------------------------------
Running main() from D:\POC-FINAL-CPP\Realtime-Train\build\_deps\googletest-src\googletest\src\gtest_main.cc
Note: Google Test filter = RailwayNetworkTest.AddsValidTrack
[==========] Running 1 test from 1 test suite.
[----------] Global test environment set-up.
[----------] 1 test from RailwayNetworkTest
[ RUN      ] RailwayNetworkTest.AddsValidTrack
[       OK ] RailwayNetworkTest.AddsValidTrack (0 ms)
[----------] 1 test from RailwayNetworkTest (0 ms total)

[----------] Global test environment tear-down
[==========] 1 test from 1 test suite ran. (0 ms total)
[  PASSED  ] 1 test.
<end of output>
Test time =   0.01 sec
----------------------------------------------------------
Test Passed.
"RailwayNetworkTest.AddsValidTrack" end time: Aug 29 20:17 India Standard Time
"RailwayNetworkTest.AddsValidTrack" time elapsed: 00:00:00
----------------------------------------------------------

6/17 Testing: RailwayNetworkTest.RejectsTrackWithMissingSource
6/17 Test: RailwayNetworkTest.RejectsTrackWithMissingSource
Command: "D:/POC-FINAL-CPP/Realtime-Train/build/Debug/tcas_tests.exe" "--gtest_filter=RailwayNetworkTest.RejectsTrackWithMissingSource" "--gtest_also_run_disabled_tests"
Directory: D:/POC-FINAL-CPP/Realtime-Train/build
"RailwayNetworkTest.RejectsTrackWithMissingSource" start time: Aug 29 20:17 India Standard Time
Output:
----------------------------------------------------------
Running main() from D:\POC-FINAL-CPP\Realtime-Train\build\_deps\googletest-src\googletest\src\gtest_main.cc
Note: Google Test filter = RailwayNetworkTest.RejectsTrackWithMissingSource
[==========] Running 1 test from 1 test suite.
[----------] Global test environment set-up.
[----------] 1 test from RailwayNetworkTest
[ RUN      ] RailwayNetworkTest.RejectsTrackWithMissingSource
[       OK ] RailwayNetworkTest.RejectsTrackWithMissingSource (0 ms)
[----------] 1 test from RailwayNetworkTest (0 ms total)

[----------] Global test environment tear-down
[==========] 1 test from 1 test suite ran. (0 ms total)
[  PASSED  ] 1 test.
<end of output>
Test time =   0.02 sec
----------------------------------------------------------
Test Passed.
"RailwayNetworkTest.RejectsTrackWithMissingSource" end time: Aug 29 20:17 India Standard Time
"RailwayNetworkTest.RejectsTrackWithMissingSource" time elapsed: 00:00:00
----------------------------------------------------------

7/17 Testing: RailwayNetworkTest.RejectsTrackWithMissingDestination
7/17 Test: RailwayNetworkTest.RejectsTrackWithMissingDestination
Command: "D:/POC-FINAL-CPP/Realtime-Train/build/Debug/tcas_tests.exe" "--gtest_filter=RailwayNetworkTest.RejectsTrackWithMissingDestination" "--gtest_also_run_disabled_tests"
Directory: D:/POC-FINAL-CPP/Realtime-Train/build
"RailwayNetworkTest.RejectsTrackWithMissingDestination" start time: Aug 29 20:17 India Standard Time
Output:
----------------------------------------------------------
Running main() from D:\POC-FINAL-CPP\Realtime-Train\build\_deps\googletest-src\googletest\src\gtest_main.cc
Note: Google Test filter = RailwayNetworkTest.RejectsTrackWithMissingDestination
[==========] Running 1 test from 1 test suite.
[----------] Global test environment set-up.
[----------] 1 test from RailwayNetworkTest
[ RUN      ] RailwayNetworkTest.RejectsTrackWithMissingDestination
[       OK ] RailwayNetworkTest.RejectsTrackWithMissingDestination (0 ms)
[----------] 1 test from RailwayNetworkTest (0 ms total)

[----------] Global test environment tear-down
[==========] 1 test from 1 test suite ran. (0 ms total)
[  PASSED  ] 1 test.
<end of output>
Test time =   0.02 sec
----------------------------------------------------------
Test Passed.
"RailwayNetworkTest.RejectsTrackWithMissingDestination" end time: Aug 29 20:17 India Standard Time
"RailwayNetworkTest.RejectsTrackWithMissingDestination" time elapsed: 00:00:00
----------------------------------------------------------

8/17 Testing: RailwayNetworkTest.RejectsDuplicateTrack
8/17 Test: RailwayNetworkTest.RejectsDuplicateTrack
Command: "D:/POC-FINAL-CPP/Realtime-Train/build/Debug/tcas_tests.exe" "--gtest_filter=RailwayNetworkTest.RejectsDuplicateTrack" "--gtest_also_run_disabled_tests"
Directory: D:/POC-FINAL-CPP/Realtime-Train/build
"RailwayNetworkTest.RejectsDuplicateTrack" start time: Aug 29 20:17 India Standard Time
Output:
----------------------------------------------------------
Running main() from D:\POC-FINAL-CPP\Realtime-Train\build\_deps\googletest-src\googletest\src\gtest_main.cc
Note: Google Test filter = RailwayNetworkTest.RejectsDuplicateTrack
[==========] Running 1 test from 1 test suite.
[----------] Global test environment set-up.
[----------] 1 test from RailwayNetworkTest
[ RUN      ] RailwayNetworkTest.RejectsDuplicateTrack
[       OK ] RailwayNetworkTest.RejectsDuplicateTrack (0 ms)
[----------] 1 test from RailwayNetworkTest (0 ms total)

[----------] Global test environment tear-down
[==========] 1 test from 1 test suite ran. (0 ms total)
[  PASSED  ] 1 test.
<end of output>
Test time =   0.01 sec
----------------------------------------------------------
Test Passed.
"RailwayNetworkTest.RejectsDuplicateTrack" end time: Aug 29 20:17 India Standard Time
"RailwayNetworkTest.RejectsDuplicateTrack" time elapsed: 00:00:00
----------------------------------------------------------

9/17 Testing: RailwayNetworkTest.FindsNode
9/17 Test: RailwayNetworkTest.FindsNode
Command: "D:/POC-FINAL-CPP/Realtime-Train/build/Debug/tcas_tests.exe" "--gtest_filter=RailwayNetworkTest.FindsNode" "--gtest_also_run_disabled_tests"
Directory: D:/POC-FINAL-CPP/Realtime-Train/build
"RailwayNetworkTest.FindsNode" start time: Aug 29 20:17 India Standard Time
Output:
----------------------------------------------------------
Running main() from D:\POC-FINAL-CPP\Realtime-Train\build\_deps\googletest-src\googletest\src\gtest_main.cc
Note: Google Test filter = RailwayNetworkTest.FindsNode
[==========] Running 1 test from 1 test suite.
[----------] Global test environment set-up.
[----------] 1 test from RailwayNetworkTest
[ RUN      ] RailwayNetworkTest.FindsNode
[       OK ] RailwayNetworkTest.FindsNode (0 ms)
[----------] 1 test from RailwayNetworkTest (0 ms total)

[----------] Global test environment tear-down
[==========] 1 test from 1 test suite ran. (0 ms total)
[  PASSED  ] 1 test.
<end of output>
Test time =   0.01 sec
----------------------------------------------------------
Test Passed.
"RailwayNetworkTest.FindsNode" end time: Aug 29 20:17 India Standard Time
"RailwayNetworkTest.FindsNode" time elapsed: 00:00:00
----------------------------------------------------------

10/17 Testing: RailwayNetworkTest.MissingNodeReturnsNull
10/17 Test: RailwayNetworkTest.MissingNodeReturnsNull
Command: "D:/POC-FINAL-CPP/Realtime-Train/build/Debug/tcas_tests.exe" "--gtest_filter=RailwayNetworkTest.MissingNodeReturnsNull" "--gtest_also_run_disabled_tests"
Directory: D:/POC-FINAL-CPP/Realtime-Train/build
"RailwayNetworkTest.MissingNodeReturnsNull" start time: Aug 29 20:17 India Standard Time
Output:
----------------------------------------------------------
Running main() from D:\POC-FINAL-CPP\Realtime-Train\build\_deps\googletest-src\googletest\src\gtest_main.cc
Note: Google Test filter = RailwayNetworkTest.MissingNodeReturnsNull
[==========] Running 1 test from 1 test suite.
[----------] Global test environment set-up.
[----------] 1 test from RailwayNetworkTest
[ RUN      ] RailwayNetworkTest.MissingNodeReturnsNull
[       OK ] RailwayNetworkTest.MissingNodeReturnsNull (0 ms)
[----------] 1 test from RailwayNetworkTest (0 ms total)

[----------] Global test environment tear-down
[==========] 1 test from 1 test suite ran. (0 ms total)
[  PASSED  ] 1 test.
<end of output>
Test time =   0.02 sec
----------------------------------------------------------
Test Passed.
"RailwayNetworkTest.MissingNodeReturnsNull" end time: Aug 29 20:17 India Standard Time
"RailwayNetworkTest.MissingNodeReturnsNull" time elapsed: 00:00:00
----------------------------------------------------------

11/17 Testing: RailwayNetworkTest.FindsTrack
11/17 Test: RailwayNetworkTest.FindsTrack
Command: "D:/POC-FINAL-CPP/Realtime-Train/build/Debug/tcas_tests.exe" "--gtest_filter=RailwayNetworkTest.FindsTrack" "--gtest_also_run_disabled_tests"
Directory: D:/POC-FINAL-CPP/Realtime-Train/build
"RailwayNetworkTest.FindsTrack" start time: Aug 29 20:17 India Standard Time
Output:
----------------------------------------------------------
Running main() from D:\POC-FINAL-CPP\Realtime-Train\build\_deps\googletest-src\googletest\src\gtest_main.cc
Note: Google Test filter = RailwayNetworkTest.FindsTrack
[==========] Running 1 test from 1 test suite.
[----------] Global test environment set-up.
[----------] 1 test from RailwayNetworkTest
[ RUN      ] RailwayNetworkTest.FindsTrack
[       OK ] RailwayNetworkTest.FindsTrack (0 ms)
[----------] 1 test from RailwayNetworkTest (0 ms total)

[----------] Global test environment tear-down
[==========] 1 test from 1 test suite ran. (0 ms total)
[  PASSED  ] 1 test.
<end of output>
Test time =   0.01 sec
----------------------------------------------------------
Test Passed.
"RailwayNetworkTest.FindsTrack" end time: Aug 29 20:17 India Standard Time
"RailwayNetworkTest.FindsTrack" time elapsed: 00:00:00
----------------------------------------------------------

12/17 Testing: RailwayNetworkTest.EmptyNetworkIsConnected
12/17 Test: RailwayNetworkTest.EmptyNetworkIsConnected
Command: "D:/POC-FINAL-CPP/Realtime-Train/build/Debug/tcas_tests.exe" "--gtest_filter=RailwayNetworkTest.EmptyNetworkIsConnected" "--gtest_also_run_disabled_tests"
Directory: D:/POC-FINAL-CPP/Realtime-Train/build
"RailwayNetworkTest.EmptyNetworkIsConnected" start time: Aug 29 20:17 India Standard Time
Output:
----------------------------------------------------------
Running main() from D:\POC-FINAL-CPP\Realtime-Train\build\_deps\googletest-src\googletest\src\gtest_main.cc
Note: Google Test filter = RailwayNetworkTest.EmptyNetworkIsConnected
[==========] Running 1 test from 1 test suite.
[----------] Global test environment set-up.
[----------] 1 test from RailwayNetworkTest
[ RUN      ] RailwayNetworkTest.EmptyNetworkIsConnected
[       OK ] RailwayNetworkTest.EmptyNetworkIsConnected (0 ms)
[----------] 1 test from RailwayNetworkTest (0 ms total)

[----------] Global test environment tear-down
[==========] 1 test from 1 test suite ran. (0 ms total)
[  PASSED  ] 1 test.
<end of output>
Test time =   0.01 sec
----------------------------------------------------------
Test Passed.
"RailwayNetworkTest.EmptyNetworkIsConnected" end time: Aug 29 20:17 India Standard Time
"RailwayNetworkTest.EmptyNetworkIsConnected" time elapsed: 00:00:00
----------------------------------------------------------

13/17 Testing: RailwayNetworkTest.SingleNodeNetworkIsConnected
13/17 Test: RailwayNetworkTest.SingleNodeNetworkIsConnected
Command: "D:/POC-FINAL-CPP/Realtime-Train/build/Debug/tcas_tests.exe" "--gtest_filter=RailwayNetworkTest.SingleNodeNetworkIsConnected" "--gtest_also_run_disabled_tests"
Directory: D:/POC-FINAL-CPP/Realtime-Train/build
"RailwayNetworkTest.SingleNodeNetworkIsConnected" start time: Aug 29 20:17 India Standard Time
Output:
----------------------------------------------------------
Running main() from D:\POC-FINAL-CPP\Realtime-Train\build\_deps\googletest-src\googletest\src\gtest_main.cc
Note: Google Test filter = RailwayNetworkTest.SingleNodeNetworkIsConnected
[==========] Running 1 test from 1 test suite.
[----------] Global test environment set-up.
[----------] 1 test from RailwayNetworkTest
[ RUN      ] RailwayNetworkTest.SingleNodeNetworkIsConnected
[       OK ] RailwayNetworkTest.SingleNodeNetworkIsConnected (0 ms)
[----------] 1 test from RailwayNetworkTest (0 ms total)

[----------] Global test environment tear-down
[==========] 1 test from 1 test suite ran. (0 ms total)
[  PASSED  ] 1 test.
<end of output>
Test time =   0.01 sec
----------------------------------------------------------
Test Passed.
"RailwayNetworkTest.SingleNodeNetworkIsConnected" end time: Aug 29 20:17 India Standard Time
"RailwayNetworkTest.SingleNodeNetworkIsConnected" time elapsed: 00:00:00
----------------------------------------------------------

14/17 Testing: RailwayNetworkTest.BFSDetectsConnectedNetwork
14/17 Test: RailwayNetworkTest.BFSDetectsConnectedNetwork
Command: "D:/POC-FINAL-CPP/Realtime-Train/build/Debug/tcas_tests.exe" "--gtest_filter=RailwayNetworkTest.BFSDetectsConnectedNetwork" "--gtest_also_run_disabled_tests"
Directory: D:/POC-FINAL-CPP/Realtime-Train/build
"RailwayNetworkTest.BFSDetectsConnectedNetwork" start time: Aug 29 20:17 India Standard Time
Output:
----------------------------------------------------------
Running main() from D:\POC-FINAL-CPP\Realtime-Train\build\_deps\googletest-src\googletest\src\gtest_main.cc
Note: Google Test filter = RailwayNetworkTest.BFSDetectsConnectedNetwork
[==========] Running 1 test from 1 test suite.
[----------] Global test environment set-up.
[----------] 1 test from RailwayNetworkTest
[ RUN      ] RailwayNetworkTest.BFSDetectsConnectedNetwork
[       OK ] RailwayNetworkTest.BFSDetectsConnectedNetwork (0 ms)
[----------] 1 test from RailwayNetworkTest (0 ms total)

[----------] Global test environment tear-down
[==========] 1 test from 1 test suite ran. (0 ms total)
[  PASSED  ] 1 test.
<end of output>
Test time =   0.01 sec
----------------------------------------------------------
Test Passed.
"RailwayNetworkTest.BFSDetectsConnectedNetwork" end time: Aug 29 20:17 India Standard Time
"RailwayNetworkTest.BFSDetectsConnectedNetwork" time elapsed: 00:00:00
----------------------------------------------------------

15/17 Testing: RailwayNetworkTest.BFSDetectsDisconnectedNetwork
15/17 Test: RailwayNetworkTest.BFSDetectsDisconnectedNetwork
Command: "D:/POC-FINAL-CPP/Realtime-Train/build/Debug/tcas_tests.exe" "--gtest_filter=RailwayNetworkTest.BFSDetectsDisconnectedNetwork" "--gtest_also_run_disabled_tests"
Directory: D:/POC-FINAL-CPP/Realtime-Train/build
"RailwayNetworkTest.BFSDetectsDisconnectedNetwork" start time: Aug 29 20:17 India Standard Time
Output:
----------------------------------------------------------
Running main() from D:\POC-FINAL-CPP\Realtime-Train\build\_deps\googletest-src\googletest\src\gtest_main.cc
Note: Google Test filter = RailwayNetworkTest.BFSDetectsDisconnectedNetwork
[==========] Running 1 test from 1 test suite.
[----------] Global test environment set-up.
[----------] 1 test from RailwayNetworkTest
[ RUN      ] RailwayNetworkTest.BFSDetectsDisconnectedNetwork
[       OK ] RailwayNetworkTest.BFSDetectsDisconnectedNetwork (0 ms)
[----------] 1 test from RailwayNetworkTest (0 ms total)

[----------] Global test environment tear-down
[==========] 1 test from 1 test suite ran. (0 ms total)
[  PASSED  ] 1 test.
<end of output>
Test time =   0.01 sec
----------------------------------------------------------
Test Passed.
"RailwayNetworkTest.BFSDetectsDisconnectedNetwork" end time: Aug 29 20:17 India Standard Time
"RailwayNetworkTest.BFSDetectsDisconnectedNetwork" time elapsed: 00:00:00
----------------------------------------------------------

16/17 Testing: RailwayNetworkTest.DFSDetectsNoCycle
16/17 Test: RailwayNetworkTest.DFSDetectsNoCycle
Command: "D:/POC-FINAL-CPP/Realtime-Train/build/Debug/tcas_tests.exe" "--gtest_filter=RailwayNetworkTest.DFSDetectsNoCycle" "--gtest_also_run_disabled_tests"
Directory: D:/POC-FINAL-CPP/Realtime-Train/build
"RailwayNetworkTest.DFSDetectsNoCycle" start time: Aug 29 20:17 India Standard Time
Output:
----------------------------------------------------------
Running main() from D:\POC-FINAL-CPP\Realtime-Train\build\_deps\googletest-src\googletest\src\gtest_main.cc
Note: Google Test filter = RailwayNetworkTest.DFSDetectsNoCycle
[==========] Running 1 test from 1 test suite.
[----------] Global test environment set-up.
[----------] 1 test from RailwayNetworkTest
[ RUN      ] RailwayNetworkTest.DFSDetectsNoCycle
[       OK ] RailwayNetworkTest.DFSDetectsNoCycle (0 ms)
[----------] 1 test from RailwayNetworkTest (0 ms total)

[----------] Global test environment tear-down
[==========] 1 test from 1 test suite ran. (0 ms total)
[  PASSED  ] 1 test.
<end of output>
Test time =   0.01 sec
----------------------------------------------------------
Test Passed.
"RailwayNetworkTest.DFSDetectsNoCycle" end time: Aug 29 20:17 India Standard Time
"RailwayNetworkTest.DFSDetectsNoCycle" time elapsed: 00:00:00
----------------------------------------------------------

17/17 Testing: RailwayNetworkTest.DFSDetectsCycle
17/17 Test: RailwayNetworkTest.DFSDetectsCycle
Command: "D:/POC-FINAL-CPP/Realtime-Train/build/Debug/tcas_tests.exe" "--gtest_filter=RailwayNetworkTest.DFSDetectsCycle" "--gtest_also_run_disabled_tests"
Directory: D:/POC-FINAL-CPP/Realtime-Train/build
"RailwayNetworkTest.DFSDetectsCycle" start time: Aug 29 20:17 India Standard Time
Output:
----------------------------------------------------------
Running main() from D:\POC-FINAL-CPP\Realtime-Train\build\_deps\googletest-src\googletest\src\gtest_main.cc
Note: Google Test filter = RailwayNetworkTest.DFSDetectsCycle
[==========] Running 1 test from 1 test suite.
[----------] Global test environment set-up.
[----------] 1 test from RailwayNetworkTest
[ RUN      ] RailwayNetworkTest.DFSDetectsCycle
[       OK ] RailwayNetworkTest.DFSDetectsCycle (0 ms)
[----------] 1 test from RailwayNetworkTest (0 ms total)

[----------] Global test environment tear-down
[==========] 1 test from 1 test suite ran. (0 ms total)
[  PASSED  ] 1 test.
<end of output>
Test time =   0.01 sec
----------------------------------------------------------
Test Passed.
"RailwayNetworkTest.DFSDetectsCycle" end time: Aug 29 20:17 India Standard Time
"RailwayNetworkTest.DFSDetectsCycle" time elapsed: 00:00:00
----------------------------------------------------------

End testing: Aug 29 20:17 India Standard Time
